<?xml version="1.0" encoding="UTF-8"?>
<robot generator="Robot 3.2.1 (Python 3.7.7 on darwin)" generated="20200727 15:41:45.455" rpa="false">
<suite id="s1" name="Tests" source="/Users/serhatb/repos/robotframework-appium-sample/tests">
<suite id="s1-s1" name="Android Selectors.Test" source="/Users/serhatb/repos/robotframework-appium-sample/tests/android_selectors.test.robot">
<test id="s1-s1-t1" name="Should find elements by ID">
<kw name="Open Android Test App" library="resource" type="setup">
<kw name="Open Application" library="AppiumLibrary">
<doc>Opens a new application to given Appium server.
Capabilities of appium server, Android and iOS,
Please check https://github.com/appium/appium/blob/master/docs/en/writing-running-appium/server-args.md
| *Option*            | *Man.* | *Description*     |
| remote_url          | Yes    | Appium server url |
| alias               | no     | alias             |</doc>
<arguments>
<arg>http://127.0.0.1:4723/wd/hub</arg>
<arg>automationName=${ANDROID_AUTOMATION_NAME}</arg>
<arg>app=${ANDROID_APP}</arg>
<arg>platformName=${ANDROID_PLATFORM_NAME}</arg>
<arg>platformVersion=${ANDROID_PLATFORM_VERSION}</arg>
<arg>appPackage=${ANDROID_APP_PACKAGE}</arg>
<arg>appActivity=${appActivity}</arg>
</arguments>
<status status="PASS" starttime="20200727 15:41:46.676" endtime="20200727 15:41:54.135"></status>
</kw>
<status status="PASS" starttime="20200727 15:41:46.676" endtime="20200727 15:41:54.135"></status>
</kw>
<kw name="Page Should Contain Element" library="AppiumLibrary">
<doc>Verifies that current page contains `locator` element.</doc>
<arguments>
<arg>android:id/action_bar_container</arg>
</arguments>
<msg timestamp="20200727 15:41:54.587" level="INFO">Current page contains element 'android:id/action_bar_container'.</msg>
<status status="PASS" starttime="20200727 15:41:54.136" endtime="20200727 15:41:54.587"></status>
</kw>
<kw name="Close Application" library="AppiumLibrary" type="teardown">
<doc>Closes the current application and also close webdriver session.</doc>
<status status="PASS" starttime="20200727 15:41:54.588" endtime="20200727 15:41:54.945"></status>
</kw>
<status status="PASS" starttime="20200727 15:41:46.675" endtime="20200727 15:41:54.945" critical="yes"></status>
</test>
<doc>Android Selectors</doc>
<status status="PASS" starttime="20200727 15:41:45.504" endtime="20200727 15:41:54.946"></status>
</suite>
<suite id="s1-s2" name="Ios Selectors.Test" source="/Users/serhatb/repos/robotframework-appium-sample/tests/ios_selectors.test.robot">
<test id="s1-s2-t1" name="Should find elements by ID">
<kw name="Open iOS Test App" library="resource" type="setup">
<kw name="Open Application" library="AppiumLibrary">
<doc>Opens a new application to given Appium server.
Capabilities of appium server, Android and iOS,
Please check https://github.com/appium/appium/blob/master/docs/en/writing-running-appium/server-args.md
| *Option*            | *Man.* | *Description*     |
| remote_url          | Yes    | Appium server url |
| alias               | no     | alias             |</doc>
<arguments>
<arg>http://127.0.0.1:4723/wd/hub</arg>
<arg>automationName=${IOS_AUTOMATION_NAME}</arg>
<arg>app=${IOS_APP}</arg>
<arg>platformName=${IOS_PLATFORM_NAME}</arg>
<arg>platformVersion=${IOS_PLATFORM_VERSION}</arg>
<arg>deviceName=${IOS_DEVICE_NAME}</arg>
</arguments>
<status status="PASS" starttime="20200727 15:41:54.955" endtime="20200727 15:42:03.419"></status>
</kw>
<status status="PASS" starttime="20200727 15:41:54.955" endtime="20200727 15:42:03.419"></status>
</kw>
<kw name="Get Webelement" library="AppiumLibrary">
<doc>Returns the first [http://selenium-python.readthedocs.io/api.html#module-selenium.webdriver.remote.webelement|WebElement] object matching ``locator``.</doc>
<arguments>
<arg>ComputeSumButton</arg>
</arguments>
<assign>
<var>${element}</var>
</assign>
<msg timestamp="20200727 15:42:03.490" level="INFO">${element} = &lt;appium.webdriver.webelement.WebElement (session="b6716621-738b-4b11-a10c-5cfce58ad582", element="0C000000-0000-0000-7A6D-000000000000")&gt;</msg>
<status status="PASS" starttime="20200727 15:42:03.419" endtime="20200727 15:42:03.490"></status>
</kw>
<kw name="Element Should Be Visible" library="AppiumLibrary">
<doc>Verifies that element identified with locator is visible.</doc>
<arguments>
<arg>${element}</arg>
</arguments>
<status status="PASS" starttime="20200727 15:42:03.490" endtime="20200727 15:42:03.573"></status>
</kw>
<kw name="Close Application" library="AppiumLibrary" type="teardown">
<doc>Closes the current application and also close webdriver session.</doc>
<status status="PASS" starttime="20200727 15:42:03.574" endtime="20200727 15:42:04.621"></status>
</kw>
<status status="PASS" starttime="20200727 15:41:54.954" endtime="20200727 15:42:04.621" critical="yes"></status>
</test>
<status status="PASS" starttime="20200727 15:41:54.948" endtime="20200727 15:42:04.622"></status>
</suite>
<status status="PASS" starttime="20200727 15:41:45.457" endtime="20200727 15:42:04.623"></status>
</suite>
<statistics>
<total>
<stat pass="2" fail="0">Critical Tests</stat>
<stat pass="2" fail="0">All Tests</stat>
</total>
<tag>
</tag>
<suite>
<stat pass="2" fail="0" id="s1" name="Tests">Tests</stat>
<stat pass="1" fail="0" id="s1-s1" name="Android Selectors.Test">Tests.Android Selectors.Test</stat>
<stat pass="1" fail="0" id="s1-s2" name="Ios Selectors.Test">Tests.Ios Selectors.Test</stat>
</suite>
</statistics>
<errors>
</errors>
</robot>
