<?xml version="1.0" encoding="UTF-8"?>
<robot generator="Robot 3.2.1 (Python 3.7.7 on darwin)" generated="20200727 16:13:14.611" rpa="false">
<suite id="s1" name="Tests" source="/Users/serhatb/repos/robotframework-appium-sample/tests">
<suite id="s1-s1" name="Android Basic Interactions.Test" source="/Users/serhatb/repos/robotframework-appium-sample/tests/android_basic_interactions.test.robot">
<test id="s1-s1-t1" name="Should send keys to search box and then check the value">
<kw name="Open Android Test App" library="resource">
<arguments>
<arg>.app.SearchInvoke</arg>
</arguments>
<kw name="Open Application" library="AppiumLibrary">
<doc>Opens a new application to given Appium server.
Capabilities of appium server, Android and iOS,
Please check https://github.com/appium/appium/blob/master/docs/en/writing-running-appium/server-args.md
| *Option*            | *Man.* | *Description*     |
| remote_url          | Yes    | Appium server url |
| alias               | no     | alias             |</doc>
<arguments>
<arg>http://127.0.0.1:4723/wd/hub</arg>
<arg>automationName=${ANDROID_AUTOMATION_NAME}</arg>
<arg>app=${ANDROID_APP}</arg>
<arg>platformName=${ANDROID_PLATFORM_NAME}</arg>
<arg>platformVersion=${ANDROID_PLATFORM_VERSION}</arg>
<arg>appPackage=${ANDROID_APP_PACKAGE}</arg>
<arg>appActivity=${appActivity}</arg>
</arguments>
<status status="PASS" starttime="20200727 16:13:14.803" endtime="20200727 16:13:20.103"></status>
</kw>
<status status="PASS" starttime="20200727 16:13:14.802" endtime="20200727 16:13:20.103"></status>
</kw>
<kw name="Input Text" library="AppiumLibrary">
<doc>Types the given `text` into text field identified by `locator`.</doc>
<arguments>
<arg>txt_query_prefill</arg>
<arg>Hello world!</arg>
</arguments>
<msg timestamp="20200727 16:13:20.105" level="INFO">Typing text 'Hello world!' into text field 'txt_query_prefill'</msg>
<status status="PASS" starttime="20200727 16:13:20.103" endtime="20200727 16:13:20.688"></status>
</kw>
<kw name="Click Element" library="AppiumLibrary">
<doc>Click element identified by `locator`.</doc>
<arguments>
<arg>btn_start_search</arg>
</arguments>
<msg timestamp="20200727 16:13:20.690" level="INFO">Clicking element 'btn_start_search'.</msg>
<status status="PASS" starttime="20200727 16:13:20.689" endtime="20200727 16:13:21.247"></status>
</kw>
<kw name="Wait Until Page Contains Element" library="AppiumLibrary">
<doc>Waits until element specified with `locator` appears on current page.</doc>
<arguments>
<arg>android:id/search_src_text</arg>
</arguments>
<status status="PASS" starttime="20200727 16:13:21.247" endtime="20200727 16:13:22.406"></status>
</kw>
<kw name="Element Text Should Be" library="AppiumLibrary">
<doc>Verifies element identified by ``locator`` exactly contains text ``expected``.</doc>
<arguments>
<arg>android:id/search_src_text</arg>
<arg>Hello world!</arg>
</arguments>
<msg timestamp="20200727 16:13:22.408" level="INFO">Verifying element 'android:id/search_src_text' contains exactly text 'Hello world!'.</msg>
<status status="PASS" starttime="20200727 16:13:22.406" endtime="20200727 16:13:22.461"></status>
</kw>
<kw name="Close Application" library="AppiumLibrary" type="teardown">
<doc>Closes the current application and also close webdriver session.</doc>
<status status="PASS" starttime="20200727 16:13:22.461" endtime="20200727 16:13:22.832"></status>
</kw>
<status status="PASS" starttime="20200727 16:13:14.802" endtime="20200727 16:13:22.832" critical="yes"></status>
</test>
<test id="s1-s1-t2" name="Should click a button that opens an alert and then dismisses it">
<kw name="Open Android Test App" library="resource">
<arguments>
<arg>.app.AlertDialogSamples</arg>
</arguments>
<kw name="Open Application" library="AppiumLibrary">
<doc>Opens a new application to given Appium server.
Capabilities of appium server, Android and iOS,
Please check https://github.com/appium/appium/blob/master/docs/en/writing-running-appium/server-args.md
| *Option*            | *Man.* | *Description*     |
| remote_url          | Yes    | Appium server url |
| alias               | no     | alias             |</doc>
<arguments>
<arg>http://127.0.0.1:4723/wd/hub</arg>
<arg>automationName=${ANDROID_AUTOMATION_NAME}</arg>
<arg>app=${ANDROID_APP}</arg>
<arg>platformName=${ANDROID_PLATFORM_NAME}</arg>
<arg>platformVersion=${ANDROID_PLATFORM_VERSION}</arg>
<arg>appPackage=${ANDROID_APP_PACKAGE}</arg>
<arg>appActivity=${appActivity}</arg>
</arguments>
<status status="PASS" starttime="20200727 16:13:22.834" endtime="20200727 16:13:27.906"></status>
</kw>
<status status="PASS" starttime="20200727 16:13:22.833" endtime="20200727 16:13:27.906"></status>
</kw>
<kw name="Click Element" library="AppiumLibrary">
<doc>Click element identified by `locator`.</doc>
<arguments>
<arg>two_buttons</arg>
</arguments>
<msg timestamp="20200727 16:13:27.907" level="INFO">Clicking element 'two_buttons'.</msg>
<status status="PASS" starttime="20200727 16:13:27.906" endtime="20200727 16:13:28.576"></status>
</kw>
<kw name="Wait Until Page Contains Element" library="AppiumLibrary">
<doc>Waits until element specified with `locator` appears on current page.</doc>
<arguments>
<arg>android:id/alertTitle</arg>
</arguments>
<status status="PASS" starttime="20200727 16:13:28.576" endtime="20200727 16:13:29.179"></status>
</kw>
<kw name="Element Should Contain Text" library="AppiumLibrary">
<doc>Verifies element identified by ``locator`` contains text ``expected``.</doc>
<arguments>
<arg>android:id/alertTitle</arg>
<arg>Lorem ipsum dolor sit aie consectetur adipiscing</arg>
</arguments>
<msg timestamp="20200727 16:13:29.180" level="INFO">Verifying element 'android:id/alertTitle' contains text 'Lorem ipsum dolor sit aie consectetur adipiscing'.</msg>
<status status="PASS" starttime="20200727 16:13:29.179" endtime="20200727 16:13:29.218"></status>
</kw>
<kw name="Get Webelement" library="AppiumLibrary">
<doc>Returns the first [http://selenium-python.readthedocs.io/api.html#module-selenium.webdriver.remote.webelement|WebElement] object matching ``locator``.</doc>
<arguments>
<arg>android:id/button1</arg>
</arguments>
<assign>
<var>${close_dialog_button}</var>
</assign>
<msg timestamp="20200727 16:13:29.245" level="INFO">${close_dialog_button} = &lt;appium.webdriver.webelement.WebElement (session="e1f745cb-5b6b-4864-9b01-3faf305111cf", element="34fa986f-cf80-4ef2-ad32-00650fc1dff1")&gt;</msg>
<status status="PASS" starttime="20200727 16:13:29.219" endtime="20200727 16:13:29.245"></status>
</kw>
<kw name="Click Element" library="AppiumLibrary">
<doc>Click element identified by `locator`.</doc>
<arguments>
<arg>${close_dialog_button}</arg>
</arguments>
<msg timestamp="20200727 16:13:29.247" level="INFO">Clicking element '&lt;appium.webdriver.webelement.WebElement (session="e1f745cb-5b6b-4864-9b01-3faf305111cf", element="34fa986f-cf80-4ef2-ad32-00650fc1dff1")&gt;'.</msg>
<status status="PASS" starttime="20200727 16:13:29.245" endtime="20200727 16:13:29.299"></status>
</kw>
<kw name="Close Application" library="AppiumLibrary" type="teardown">
<doc>Closes the current application and also close webdriver session.</doc>
<status status="PASS" starttime="20200727 16:13:29.300" endtime="20200727 16:13:29.941"></status>
</kw>
<status status="PASS" starttime="20200727 16:13:22.833" endtime="20200727 16:13:29.942" critical="yes"></status>
</test>
<doc>Android Basic Interactions</doc>
<status status="PASS" starttime="20200727 16:13:14.634" endtime="20200727 16:13:29.943"></status>
</suite>
<suite id="s1-s2" name="Android Create Session.Test" source="/Users/serhatb/repos/robotframework-appium-sample/tests/android_create_session.test.robot">
<test id="s1-s2-t1" name="Should Create and Destroy Android Session">
<kw name="Open Application" library="AppiumLibrary">
<doc>Opens a new application to given Appium server.
Capabilities of appium server, Android and iOS,
Please check https://github.com/appium/appium/blob/master/docs/en/writing-running-appium/server-args.md
| *Option*            | *Man.* | *Description*     |
| remote_url          | Yes    | Appium server url |
| alias               | no     | alias             |</doc>
<arguments>
<arg>http://127.0.0.1:4723/wd/hub</arg>
<arg>automationName=${ANDROID_AUTOMATION_NAME}</arg>
<arg>platformName=${ANDROID_PLATFORM_NAME}</arg>
<arg>platformVersion=${ANDROID_PLATFORM_VERSION}</arg>
<arg>app=${ANDROID_APP}</arg>
<arg>appPackage=${ANDROID_APP_PACKAGE}</arg>
</arguments>
<status status="PASS" starttime="20200727 16:13:29.950" endtime="20200727 16:13:36.116"></status>
</kw>
<kw name="Get Activity" library="AppiumLibrary">
<doc>Retrieves the current activity on the device.</doc>
<assign>
<var>${activity}</var>
</assign>
<msg timestamp="20200727 16:13:36.172" level="INFO">${activity} = .ApiDemos</msg>
<status status="PASS" starttime="20200727 16:13:36.116" endtime="20200727 16:13:36.172"></status>
</kw>
<kw name="Should Be Equal" library="BuiltIn">
<doc>Fails if the given objects are unequal.</doc>
<arguments>
<arg>${activity}</arg>
<arg>.ApiDemos</arg>
</arguments>
<status status="PASS" starttime="20200727 16:13:36.172" endtime="20200727 16:13:36.172"></status>
</kw>
<kw name="Close Application" library="AppiumLibrary">
<doc>Closes the current application and also close webdriver session.</doc>
<status status="PASS" starttime="20200727 16:13:36.172" endtime="20200727 16:13:36.453"></status>
</kw>
<kw name="Sleep" library="BuiltIn">
<doc>Pauses the test executed for the given time.</doc>
<arguments>
<arg>3s</arg>
</arguments>
<msg timestamp="20200727 16:13:39.454" level="INFO">Slept 3 seconds</msg>
<status status="PASS" starttime="20200727 16:13:36.454" endtime="20200727 16:13:39.455"></status>
</kw>
<kw name="Run Keyword And Expect Error" library="BuiltIn">
<doc>Runs the keyword and checks that the expected error occurred.</doc>
<arguments>
<arg>No application is open</arg>
<arg>get activity</arg>
</arguments>
<kw name="Get Activity" library="AppiumLibrary">
<doc>Retrieves the current activity on the device.</doc>
<kw name="Capture Page Screenshot" library="AppiumLibrary">
<doc>Takes a screenshot of the current page and embeds it into the log.</doc>
<msg timestamp="20200727 16:13:39.460" level="FAIL">No application is open</msg>
<status status="FAIL" starttime="20200727 16:13:39.456" endtime="20200727 16:13:39.460"></status>
</kw>
<msg timestamp="20200727 16:13:39.462" level="WARN">Keyword 'Capture Page Screenshot' could not be run on failure: No application is open</msg>
<msg timestamp="20200727 16:13:39.463" level="FAIL">No application is open</msg>
<status status="FAIL" starttime="20200727 16:13:39.456" endtime="20200727 16:13:39.463"></status>
</kw>
<status status="PASS" starttime="20200727 16:13:39.455" endtime="20200727 16:13:39.463"></status>
</kw>
<status status="PASS" starttime="20200727 16:13:29.949" endtime="20200727 16:13:39.463" critical="yes"></status>
</test>
<doc>Android Create Native Test Session</doc>
<status status="PASS" starttime="20200727 16:13:29.944" endtime="20200727 16:13:39.464"></status>
</suite>
<suite id="s1-s3" name="Android Create Web Session.Test" source="/Users/serhatb/repos/robotframework-appium-sample/tests/android_create_web_session.test.robot">
<test id="s1-s3-t1" name="Should Create and Destroy Android Web Session">
<kw name="Open Application" library="AppiumLibrary">
<doc>Opens a new application to given Appium server.
Capabilities of appium server, Android and iOS,
Please check https://github.com/appium/appium/blob/master/docs/en/writing-running-appium/server-args.md
| *Option*            | *Man.* | *Description*     |
| remote_url          | Yes    | Appium server url |
| alias               | no     | alias             |</doc>
<arguments>
<arg>http://127.0.0.1:4723/wd/hub</arg>
<arg>automationName=${ANDROID_AUTOMATION_NAME}</arg>
<arg>platformName=${ANDROID_PLATFORM_NAME}</arg>
<arg>platformVersion=${ANDROID_PLATFORM_VERSION}</arg>
<arg>browserName=Chrome</arg>
</arguments>
<status status="PASS" starttime="20200727 16:13:39.470" endtime="20200727 16:13:45.829"></status>
</kw>
<kw name="Go To Url" library="AppiumLibrary">
<doc>Opens URL in default web browser.</doc>
<arguments>
<arg>https://www.google.com</arg>
</arguments>
<status status="PASS" starttime="20200727 16:13:45.829" endtime="20200727 16:13:47.352"></status>
</kw>
<kw name="Execute Script" library="AppiumLibrary">
<doc>Inject a snippet of JavaScript into the page for execution in the
context of the currently selected frame (Web context only).</doc>
<arguments>
<arg>return document.title</arg>
</arguments>
<assign>
<var>${page_title}</var>
</assign>
<msg timestamp="20200727 16:13:47.484" level="INFO">${page_title} = Google</msg>
<status status="PASS" starttime="20200727 16:13:47.352" endtime="20200727 16:13:47.484"></status>
</kw>
<kw name="Should Be Equal" library="BuiltIn">
<doc>Fails if the given objects are unequal.</doc>
<arguments>
<arg>${page_title}</arg>
<arg>Google</arg>
</arguments>
<status status="PASS" starttime="20200727 16:13:47.484" endtime="20200727 16:13:47.485"></status>
</kw>
<kw name="Close Application" library="AppiumLibrary">
<doc>Closes the current application and also close webdriver session.</doc>
<status status="PASS" starttime="20200727 16:13:47.485" endtime="20200727 16:13:47.792"></status>
</kw>
<kw name="Sleep" library="BuiltIn">
<doc>Pauses the test executed for the given time.</doc>
<arguments>
<arg>3s</arg>
</arguments>
<msg timestamp="20200727 16:13:50.793" level="INFO">Slept 3 seconds</msg>
<status status="PASS" starttime="20200727 16:13:47.792" endtime="20200727 16:13:50.794"></status>
</kw>
<kw name="Run Keyword And Expect Error" library="BuiltIn">
<doc>Runs the keyword and checks that the expected error occurred.</doc>
<arguments>
<arg>No application is open</arg>
<arg>execute script</arg>
<arg>return document.title</arg>
</arguments>
<kw name="Execute Script" library="AppiumLibrary">
<doc>Inject a snippet of JavaScript into the page for execution in the
context of the currently selected frame (Web context only).</doc>
<arguments>
<arg>return document.title</arg>
</arguments>
<kw name="Capture Page Screenshot" library="AppiumLibrary">
<doc>Takes a screenshot of the current page and embeds it into the log.</doc>
<msg timestamp="20200727 16:13:50.795" level="FAIL">No application is open</msg>
<status status="FAIL" starttime="20200727 16:13:50.794" endtime="20200727 16:13:50.795"></status>
</kw>
<msg timestamp="20200727 16:13:50.796" level="WARN">Keyword 'Capture Page Screenshot' could not be run on failure: No application is open</msg>
<msg timestamp="20200727 16:13:50.796" level="FAIL">No application is open</msg>
<status status="FAIL" starttime="20200727 16:13:50.794" endtime="20200727 16:13:50.796"></status>
</kw>
<status status="PASS" starttime="20200727 16:13:50.794" endtime="20200727 16:13:50.797"></status>
</kw>
<status status="PASS" starttime="20200727 16:13:39.469" endtime="20200727 16:13:50.797" critical="yes"></status>
</test>
<doc>Android Web Session</doc>
<status status="PASS" starttime="20200727 16:13:39.465" endtime="20200727 16:13:50.797"></status>
</suite>
<suite id="s1-s4" name="Android Selectors.Test" source="/Users/serhatb/repos/robotframework-appium-sample/tests/android_selectors.test.robot">
<test id="s1-s4-t1" name="Should find elements by Accessibility ID">
<kw name="Open Android Test App" library="resource" type="setup">
<kw name="Open Application" library="AppiumLibrary">
<doc>Opens a new application to given Appium server.
Capabilities of appium server, Android and iOS,
Please check https://github.com/appium/appium/blob/master/docs/en/writing-running-appium/server-args.md
| *Option*            | *Man.* | *Description*     |
| remote_url          | Yes    | Appium server url |
| alias               | no     | alias             |</doc>
<arguments>
<arg>http://127.0.0.1:4723/wd/hub</arg>
<arg>automationName=${ANDROID_AUTOMATION_NAME}</arg>
<arg>app=${ANDROID_APP}</arg>
<arg>platformName=${ANDROID_PLATFORM_NAME}</arg>
<arg>platformVersion=${ANDROID_PLATFORM_VERSION}</arg>
<arg>appPackage=${ANDROID_APP_PACKAGE}</arg>
<arg>appActivity=${appActivity}</arg>
</arguments>
<status status="PASS" starttime="20200727 16:13:50.803" endtime="20200727 16:13:55.968"></status>
</kw>
<status status="PASS" starttime="20200727 16:13:50.802" endtime="20200727 16:13:55.968"></status>
</kw>
<kw name="Get Webelement" library="AppiumLibrary">
<doc>Returns the first [http://selenium-python.readthedocs.io/api.html#module-selenium.webdriver.remote.webelement|WebElement] object matching ``locator``.</doc>
<arguments>
<arg>accessibility_id=Content</arg>
</arguments>
<assign>
<var>${element}</var>
</assign>
<msg timestamp="20200727 16:13:56.423" level="INFO">${element} = &lt;appium.webdriver.webelement.WebElement (session="1cab99c5-a04e-44ab-8104-e605340b6f5e", element="a777ef42-d43c-4543-9067-86a5abef58f2")&gt;</msg>
<status status="PASS" starttime="20200727 16:13:55.969" endtime="20200727 16:13:56.423"></status>
</kw>
<kw name="Element Should Be Visible" library="AppiumLibrary">
<doc>Verifies that element identified with locator is visible.</doc>
<arguments>
<arg>${element}</arg>
</arguments>
<status status="PASS" starttime="20200727 16:13:56.423" endtime="20200727 16:13:56.441"></status>
</kw>
<kw name="Close Application" library="AppiumLibrary" type="teardown">
<doc>Closes the current application and also close webdriver session.</doc>
<status status="PASS" starttime="20200727 16:13:56.442" endtime="20200727 16:13:56.749"></status>
</kw>
<status status="PASS" starttime="20200727 16:13:50.802" endtime="20200727 16:13:56.750" critical="yes"></status>
</test>
<test id="s1-s4-t2" name="Should find elements by ID">
<kw name="Open Android Test App" library="resource" type="setup">
<kw name="Open Application" library="AppiumLibrary">
<doc>Opens a new application to given Appium server.
Capabilities of appium server, Android and iOS,
Please check https://github.com/appium/appium/blob/master/docs/en/writing-running-appium/server-args.md
| *Option*            | *Man.* | *Description*     |
| remote_url          | Yes    | Appium server url |
| alias               | no     | alias             |</doc>
<arguments>
<arg>http://127.0.0.1:4723/wd/hub</arg>
<arg>automationName=${ANDROID_AUTOMATION_NAME}</arg>
<arg>app=${ANDROID_APP}</arg>
<arg>platformName=${ANDROID_PLATFORM_NAME}</arg>
<arg>platformVersion=${ANDROID_PLATFORM_VERSION}</arg>
<arg>appPackage=${ANDROID_APP_PACKAGE}</arg>
<arg>appActivity=${appActivity}</arg>
</arguments>
<status status="PASS" starttime="20200727 16:13:56.752" endtime="20200727 16:14:01.721"></status>
</kw>
<status status="PASS" starttime="20200727 16:13:56.751" endtime="20200727 16:14:01.721"></status>
</kw>
<kw name="Page Should Contain Element" library="AppiumLibrary">
<doc>Verifies that current page contains `locator` element.</doc>
<arguments>
<arg>android:id/action_bar_container</arg>
</arguments>
<msg timestamp="20200727 16:14:02.178" level="INFO">Current page contains element 'android:id/action_bar_container'.</msg>
<status status="PASS" starttime="20200727 16:14:01.721" endtime="20200727 16:14:02.179"></status>
</kw>
<kw name="Close Application" library="AppiumLibrary" type="teardown">
<doc>Closes the current application and also close webdriver session.</doc>
<status status="PASS" starttime="20200727 16:14:02.179" endtime="20200727 16:14:02.441"></status>
</kw>
<status status="PASS" starttime="20200727 16:13:56.750" endtime="20200727 16:14:02.441" critical="yes"></status>
</test>
<test id="s1-s4-t3" name="Should find elements by class name">
<kw name="Open Android Test App" library="resource" type="setup">
<kw name="Open Application" library="AppiumLibrary">
<doc>Opens a new application to given Appium server.
Capabilities of appium server, Android and iOS,
Please check https://github.com/appium/appium/blob/master/docs/en/writing-running-appium/server-args.md
| *Option*            | *Man.* | *Description*     |
| remote_url          | Yes    | Appium server url |
| alias               | no     | alias             |</doc>
<arguments>
<arg>http://127.0.0.1:4723/wd/hub</arg>
<arg>automationName=${ANDROID_AUTOMATION_NAME}</arg>
<arg>app=${ANDROID_APP}</arg>
<arg>platformName=${ANDROID_PLATFORM_NAME}</arg>
<arg>platformVersion=${ANDROID_PLATFORM_VERSION}</arg>
<arg>appPackage=${ANDROID_APP_PACKAGE}</arg>
<arg>appActivity=${appActivity}</arg>
</arguments>
<status status="PASS" starttime="20200727 16:14:02.442" endtime="20200727 16:14:07.596"></status>
</kw>
<status status="PASS" starttime="20200727 16:14:02.442" endtime="20200727 16:14:07.596"></status>
</kw>
<kw name="Get Webelements" library="AppiumLibrary">
<doc>Returns list of [http://selenium-python.readthedocs.io/api.html#module-selenium.webdriver.remote.webelement|WebElement] objects matching ``locator``.</doc>
<arguments>
<arg>class=android.widget.FrameLayout</arg>
</arguments>
<assign>
<var>@{elements}</var>
</assign>
<msg timestamp="20200727 16:14:08.042" level="INFO">@{elements} = [ &lt;appium.webdriver.webelement.WebElement (session="009e7a8b-16c5-4c9a-9d5b-029689d64009", element="a6188428-b4a7-461b-9749-fcfc01ceb15e")&gt; | &lt;appium.webdriver.webelement.WebElement (session="009e7a8b...</msg>
<status status="PASS" starttime="20200727 16:14:07.597" endtime="20200727 16:14:08.042"></status>
</kw>
<kw name="Length Should Be" library="BuiltIn">
<doc>Verifies that the length of the given item is correct.</doc>
<arguments>
<arg>${elements}</arg>
<arg>3</arg>
</arguments>
<msg timestamp="20200727 16:14:08.043" level="INFO">Length is 3</msg>
<status status="PASS" starttime="20200727 16:14:08.043" endtime="20200727 16:14:08.043"></status>
</kw>
<kw name="Close Application" library="AppiumLibrary" type="teardown">
<doc>Closes the current application and also close webdriver session.</doc>
<status status="PASS" starttime="20200727 16:14:08.043" endtime="20200727 16:14:08.303"></status>
</kw>
<status status="PASS" starttime="20200727 16:14:02.441" endtime="20200727 16:14:08.303" critical="yes"></status>
</test>
<test id="s1-s4-t4" name="Should find elements by XPath">
<kw name="Open Android Test App" library="resource" type="setup">
<kw name="Open Application" library="AppiumLibrary">
<doc>Opens a new application to given Appium server.
Capabilities of appium server, Android and iOS,
Please check https://github.com/appium/appium/blob/master/docs/en/writing-running-appium/server-args.md
| *Option*            | *Man.* | *Description*     |
| remote_url          | Yes    | Appium server url |
| alias               | no     | alias             |</doc>
<arguments>
<arg>http://127.0.0.1:4723/wd/hub</arg>
<arg>automationName=${ANDROID_AUTOMATION_NAME}</arg>
<arg>app=${ANDROID_APP}</arg>
<arg>platformName=${ANDROID_PLATFORM_NAME}</arg>
<arg>platformVersion=${ANDROID_PLATFORM_VERSION}</arg>
<arg>appPackage=${ANDROID_APP_PACKAGE}</arg>
<arg>appActivity=${appActivity}</arg>
</arguments>
<status status="PASS" starttime="20200727 16:14:08.304" endtime="20200727 16:14:13.576"></status>
</kw>
<status status="PASS" starttime="20200727 16:14:08.304" endtime="20200727 16:14:13.576"></status>
</kw>
<kw name="Get Webelements" library="AppiumLibrary">
<doc>Returns list of [http://selenium-python.readthedocs.io/api.html#module-selenium.webdriver.remote.webelement|WebElement] objects matching ``locator``.</doc>
<arguments>
<arg>//*[@class='android.widget.FrameLayout']</arg>
</arguments>
<assign>
<var>@{elements}</var>
</assign>
<msg timestamp="20200727 16:14:14.116" level="INFO">@{elements} = [ &lt;appium.webdriver.webelement.WebElement (session="4fbb178d-c063-46b9-8182-cf28ed8790ba", element="4a47e047-9ff3-4b13-b794-df176aae4aa2")&gt; | &lt;appium.webdriver.webelement.WebElement (session="4fbb178d...</msg>
<status status="PASS" starttime="20200727 16:14:13.577" endtime="20200727 16:14:14.116"></status>
</kw>
<kw name="Length Should Be" library="BuiltIn">
<doc>Verifies that the length of the given item is correct.</doc>
<arguments>
<arg>${elements}</arg>
<arg>3</arg>
</arguments>
<msg timestamp="20200727 16:14:14.116" level="INFO">Length is 3</msg>
<status status="PASS" starttime="20200727 16:14:14.116" endtime="20200727 16:14:14.116"></status>
</kw>
<kw name="Close Application" library="AppiumLibrary" type="teardown">
<doc>Closes the current application and also close webdriver session.</doc>
<status status="PASS" starttime="20200727 16:14:14.117" endtime="20200727 16:14:14.501"></status>
</kw>
<status status="PASS" starttime="20200727 16:14:08.303" endtime="20200727 16:14:14.501" critical="yes"></status>
</test>
<doc>Android Selectors</doc>
<status status="PASS" starttime="20200727 16:13:50.798" endtime="20200727 16:14:14.502"></status>
</suite>
<suite id="s1-s5" name="Android Simple Example.Test" source="/Users/serhatb/repos/robotframework-appium-sample/tests/android_simple_example.test.robot">
<test id="s1-s5-t1" name="Should send keys to search box and then check the value">
<kw name="Open Test Application">
<kw name="Open Application" library="AppiumLibrary">
<doc>Opens a new application to given Appium server.
Capabilities of appium server, Android and iOS,
Please check https://github.com/appium/appium/blob/master/docs/en/writing-running-appium/server-args.md
| *Option*            | *Man.* | *Description*     |
| remote_url          | Yes    | Appium server url |
| alias               | no     | alias             |</doc>
<arguments>
<arg>http://127.0.0.1:4723/wd/hub</arg>
<arg>automationName=${ANDROID_AUTOMATION_NAME}</arg>
<arg>platformName=${ANDROID_PLATFORM_NAME}</arg>
<arg>platformVersion=${ANDROID_PLATFORM_VERSION}</arg>
<arg>app=${ANDROID_APP}</arg>
<arg>appPackage=io.appium.android.apis</arg>
<arg>appActivity=.app.SearchInvoke</arg>
</arguments>
<status status="PASS" starttime="20200727 16:14:14.508" endtime="20200727 16:14:19.353"></status>
</kw>
<status status="PASS" starttime="20200727 16:14:14.508" endtime="20200727 16:14:19.354"></status>
</kw>
<kw name="Input Search Query">
<arguments>
<arg>Hello World!</arg>
</arguments>
<kw name="Input Text" library="AppiumLibrary">
<doc>Types the given `text` into text field identified by `locator`.</doc>
<arguments>
<arg>txt_query_prefill</arg>
<arg>${query}</arg>
</arguments>
<msg timestamp="20200727 16:14:19.356" level="INFO">Typing text 'Hello World!' into text field 'txt_query_prefill'</msg>
<status status="PASS" starttime="20200727 16:14:19.354" endtime="20200727 16:14:19.990"></status>
</kw>
<status status="PASS" starttime="20200727 16:14:19.354" endtime="20200727 16:14:19.990"></status>
</kw>
<kw name="Submit Search">
<kw name="Click Element" library="AppiumLibrary">
<doc>Click element identified by `locator`.</doc>
<arguments>
<arg>btn_start_search</arg>
</arguments>
<msg timestamp="20200727 16:14:19.991" level="INFO">Clicking element 'btn_start_search'.</msg>
<status status="PASS" starttime="20200727 16:14:19.990" endtime="20200727 16:14:20.548"></status>
</kw>
<status status="PASS" starttime="20200727 16:14:19.990" endtime="20200727 16:14:20.548"></status>
</kw>
<kw name="Search Query Should Be Matching">
<arguments>
<arg>Hello World!</arg>
</arguments>
<kw name="Wait Until Page Contains Element" library="AppiumLibrary">
<doc>Waits until element specified with `locator` appears on current page.</doc>
<arguments>
<arg>android:id/search_src_text</arg>
</arguments>
<status status="PASS" starttime="20200727 16:14:20.548" endtime="20200727 16:14:21.578"></status>
</kw>
<kw name="Element Text Should Be" library="AppiumLibrary">
<doc>Verifies element identified by ``locator`` exactly contains text ``expected``.</doc>
<arguments>
<arg>android:id/search_src_text</arg>
<arg>${text}</arg>
</arguments>
<msg timestamp="20200727 16:14:21.579" level="INFO">Verifying element 'android:id/search_src_text' contains exactly text 'Hello World!'.</msg>
<status status="PASS" starttime="20200727 16:14:21.578" endtime="20200727 16:14:21.666"></status>
</kw>
<status status="PASS" starttime="20200727 16:14:20.548" endtime="20200727 16:14:21.666"></status>
</kw>
<status status="PASS" starttime="20200727 16:14:14.507" endtime="20200727 16:14:21.666" critical="yes"></status>
</test>
<doc>Simple example using AppiumLibrary</doc>
<status status="PASS" starttime="20200727 16:14:14.504" endtime="20200727 16:14:21.666"></status>
</suite>
<suite id="s1-s6" name="Ios Basic Interactions.Test" source="/Users/serhatb/repos/robotframework-appium-sample/tests/ios_basic_interactions.test.robot">
<test id="s1-s6-t1" name="Should send keys to inputs">
<kw name="Open iOS Test App" library="resource" type="setup">
<kw name="Open Application" library="AppiumLibrary">
<doc>Opens a new application to given Appium server.
Capabilities of appium server, Android and iOS,
Please check https://github.com/appium/appium/blob/master/docs/en/writing-running-appium/server-args.md
| *Option*            | *Man.* | *Description*     |
| remote_url          | Yes    | Appium server url |
| alias               | no     | alias             |</doc>
<arguments>
<arg>http://127.0.0.1:4723/wd/hub</arg>
<arg>automationName=${IOS_AUTOMATION_NAME}</arg>
<arg>app=${IOS_APP}</arg>
<arg>platformName=${IOS_PLATFORM_NAME}</arg>
<arg>platformVersion=${IOS_PLATFORM_VERSION}</arg>
<arg>deviceName=${IOS_DEVICE_NAME}</arg>
</arguments>
<status status="PASS" starttime="20200727 16:14:21.671" endtime="20200727 16:14:27.553"></status>
</kw>
<status status="PASS" starttime="20200727 16:14:21.671" endtime="20200727 16:14:27.553"></status>
</kw>
<kw name="Get Webelement" library="AppiumLibrary">
<doc>Returns the first [http://selenium-python.readthedocs.io/api.html#module-selenium.webdriver.remote.webelement|WebElement] object matching ``locator``.</doc>
<arguments>
<arg>TextField1</arg>
</arguments>
<assign>
<var>${text_field_el}</var>
</assign>
<msg timestamp="20200727 16:14:27.618" level="INFO">${text_field_el} = &lt;appium.webdriver.webelement.WebElement (session="b1aba118-195a-485c-8f59-b337c854d7f0", element="0A000000-0000-0000-2682-000000000000")&gt;</msg>
<status status="PASS" starttime="20200727 16:14:27.553" endtime="20200727 16:14:27.618"></status>
</kw>
<kw name="Get Element Attribute" library="AppiumLibrary">
<doc>Get element attribute using given attribute: name, value,...</doc>
<arguments>
<arg>${text_field_el}</arg>
<arg>value</arg>
</arguments>
<assign>
<var>${value}</var>
</assign>
<msg timestamp="20200727 16:14:27.721" level="INFO">Element '&lt;appium.webdriver.webelement.WebElement (session="b1aba118-195a-485c-8f59-b337c854d7f0", element="0A000000-0000-0000-2682-000000000000")&gt;' attribute 'value' value 'None' </msg>
<msg timestamp="20200727 16:14:27.721" level="INFO">${value} = None</msg>
<status status="PASS" starttime="20200727 16:14:27.619" endtime="20200727 16:14:27.721"></status>
</kw>
<kw name="Should Be Equal" library="BuiltIn">
<doc>Fails if the given objects are unequal.</doc>
<arguments>
<arg>${value}</arg>
<arg>${None}</arg>
</arguments>
<status status="PASS" starttime="20200727 16:14:27.721" endtime="20200727 16:14:27.721"></status>
</kw>
<kw name="Input Text" library="AppiumLibrary">
<doc>Types the given `text` into text field identified by `locator`.</doc>
<arguments>
<arg>${text_field_el}</arg>
<arg>Hello World!</arg>
</arguments>
<msg timestamp="20200727 16:14:27.722" level="INFO">Typing text 'Hello World!' into text field '&lt;appium.webdriver.webelement.WebElement (session="b1aba118-195a-485c-8f59-b337c854d7f0", element="0A000000-0000-0000-2682-000000000000")&gt;'</msg>
<status status="PASS" starttime="20200727 16:14:27.721" endtime="20200727 16:14:29.688"></status>
</kw>
<kw name="Get Element Attribute" library="AppiumLibrary">
<doc>Get element attribute using given attribute: name, value,...</doc>
<arguments>
<arg>${text_field_el}</arg>
<arg>value</arg>
</arguments>
<assign>
<var>${value2}</var>
</assign>
<msg timestamp="20200727 16:14:29.811" level="INFO">Element '&lt;appium.webdriver.webelement.WebElement (session="b1aba118-195a-485c-8f59-b337c854d7f0", element="0A000000-0000-0000-2682-000000000000")&gt;' attribute 'value' value 'Hello World!' </msg>
<msg timestamp="20200727 16:14:29.811" level="INFO">${value2} = Hello World!</msg>
<status status="PASS" starttime="20200727 16:14:29.688" endtime="20200727 16:14:29.811"></status>
</kw>
<kw name="Should Be Equal" library="BuiltIn">
<doc>Fails if the given objects are unequal.</doc>
<arguments>
<arg>${value2}</arg>
<arg>Hello World!</arg>
</arguments>
<status status="PASS" starttime="20200727 16:14:29.811" endtime="20200727 16:14:29.811"></status>
</kw>
<kw name="Close Application" library="AppiumLibrary" type="teardown">
<doc>Closes the current application and also close webdriver session.</doc>
<status status="PASS" starttime="20200727 16:14:29.812" endtime="20200727 16:14:30.845"></status>
</kw>
<status status="PASS" starttime="20200727 16:14:21.671" endtime="20200727 16:14:30.846" critical="yes"></status>
</test>
<test id="s1-s6-t2" name="Should click a button that opens an alert">
<kw name="Open iOS Test App" library="resource" type="setup">
<kw name="Open Application" library="AppiumLibrary">
<doc>Opens a new application to given Appium server.
Capabilities of appium server, Android and iOS,
Please check https://github.com/appium/appium/blob/master/docs/en/writing-running-appium/server-args.md
| *Option*            | *Man.* | *Description*     |
| remote_url          | Yes    | Appium server url |
| alias               | no     | alias             |</doc>
<arguments>
<arg>http://127.0.0.1:4723/wd/hub</arg>
<arg>automationName=${IOS_AUTOMATION_NAME}</arg>
<arg>app=${IOS_APP}</arg>
<arg>platformName=${IOS_PLATFORM_NAME}</arg>
<arg>platformVersion=${IOS_PLATFORM_VERSION}</arg>
<arg>deviceName=${IOS_DEVICE_NAME}</arg>
</arguments>
<status status="PASS" starttime="20200727 16:14:30.847" endtime="20200727 16:14:36.103"></status>
</kw>
<status status="PASS" starttime="20200727 16:14:30.847" endtime="20200727 16:14:36.103"></status>
</kw>
<kw name="Click Element" library="AppiumLibrary">
<doc>Click element identified by `locator`.</doc>
<arguments>
<arg>show alert</arg>
</arguments>
<msg timestamp="20200727 16:14:36.105" level="INFO">Clicking element 'show alert'.</msg>
<status status="PASS" starttime="20200727 16:14:36.103" endtime="20200727 16:14:36.529"></status>
</kw>
<kw name="Get Webelement" library="AppiumLibrary">
<doc>Returns the first [http://selenium-python.readthedocs.io/api.html#module-selenium.webdriver.remote.webelement|WebElement] object matching ``locator``.</doc>
<arguments>
<arg>accessibility_id=Cool title</arg>
</arguments>
<assign>
<var>${alert_el}</var>
</assign>
<msg timestamp="20200727 16:14:36.743" level="INFO">${alert_el} = &lt;appium.webdriver.webelement.WebElement (session="03bc208b-1eee-4099-8df3-7cc337ad992e", element="2A000000-0000-0000-0D83-000000000000")&gt;</msg>
<status status="PASS" starttime="20200727 16:14:36.529" endtime="20200727 16:14:36.743"></status>
</kw>
<kw name="Get Element Attribute" library="AppiumLibrary">
<doc>Get element attribute using given attribute: name, value,...</doc>
<arguments>
<arg>${alert_el}</arg>
<arg>name</arg>
</arguments>
<assign>
<var>${title}</var>
</assign>
<msg timestamp="20200727 16:14:36.842" level="INFO">Element '&lt;appium.webdriver.webelement.WebElement (session="03bc208b-1eee-4099-8df3-7cc337ad992e", element="2A000000-0000-0000-0D83-000000000000")&gt;' attribute 'name' value 'Cool title' </msg>
<msg timestamp="20200727 16:14:36.842" level="INFO">${title} = Cool title</msg>
<status status="PASS" starttime="20200727 16:14:36.743" endtime="20200727 16:14:36.842"></status>
</kw>
<kw name="Should Be Equal" library="BuiltIn">
<doc>Fails if the given objects are unequal.</doc>
<arguments>
<arg>${title}</arg>
<arg>Cool title</arg>
</arguments>
<status status="PASS" starttime="20200727 16:14:36.842" endtime="20200727 16:14:36.842"></status>
</kw>
<kw name="Close Application" library="AppiumLibrary" type="teardown">
<doc>Closes the current application and also close webdriver session.</doc>
<status status="PASS" starttime="20200727 16:14:36.843" endtime="20200727 16:14:37.885"></status>
</kw>
<status status="PASS" starttime="20200727 16:14:30.846" endtime="20200727 16:14:37.885" critical="yes"></status>
</test>
<status status="PASS" starttime="20200727 16:14:21.667" endtime="20200727 16:14:37.886"></status>
</suite>
<suite id="s1-s7" name="Ios Create Session.Test" source="/Users/serhatb/repos/robotframework-appium-sample/tests/ios_create_session.test.robot">
<test id="s1-s7-t1" name="Should send keys to inputs">
<kw name="Open iOS Test App" library="resource">
<kw name="Open Application" library="AppiumLibrary">
<doc>Opens a new application to given Appium server.
Capabilities of appium server, Android and iOS,
Please check https://github.com/appium/appium/blob/master/docs/en/writing-running-appium/server-args.md
| *Option*            | *Man.* | *Description*     |
| remote_url          | Yes    | Appium server url |
| alias               | no     | alias             |</doc>
<arguments>
<arg>http://127.0.0.1:4723/wd/hub</arg>
<arg>automationName=${IOS_AUTOMATION_NAME}</arg>
<arg>app=${IOS_APP}</arg>
<arg>platformName=${IOS_PLATFORM_NAME}</arg>
<arg>platformVersion=${IOS_PLATFORM_VERSION}</arg>
<arg>deviceName=${IOS_DEVICE_NAME}</arg>
</arguments>
<status status="PASS" starttime="20200727 16:14:37.891" endtime="20200727 16:14:43.403"></status>
</kw>
<status status="PASS" starttime="20200727 16:14:37.891" endtime="20200727 16:14:43.403"></status>
</kw>
<kw name="Get Element Attribute" library="AppiumLibrary">
<doc>Get element attribute using given attribute: name, value,...</doc>
<arguments>
<arg>class=XCUIElementTypeApplication</arg>
<arg>name</arg>
</arguments>
<assign>
<var>${attr}</var>
</assign>
<msg timestamp="20200727 16:14:43.482" level="INFO">Element 'class=XCUIElementTypeApplication' attribute 'name' value 'TestApp' </msg>
<msg timestamp="20200727 16:14:43.482" level="INFO">${attr} = TestApp</msg>
<status status="PASS" starttime="20200727 16:14:43.403" endtime="20200727 16:14:43.482"></status>
</kw>
<kw name="Should Be Equal" library="BuiltIn">
<doc>Fails if the given objects are unequal.</doc>
<arguments>
<arg>${attr}</arg>
<arg>TestApp</arg>
</arguments>
<status status="PASS" starttime="20200727 16:14:43.482" endtime="20200727 16:14:43.482"></status>
</kw>
<kw name="Close Application" library="AppiumLibrary">
<doc>Closes the current application and also close webdriver session.</doc>
<status status="PASS" starttime="20200727 16:14:43.482" endtime="20200727 16:14:44.537"></status>
</kw>
<kw name="Sleep" library="BuiltIn">
<doc>Pauses the test executed for the given time.</doc>
<arguments>
<arg>3s</arg>
</arguments>
<msg timestamp="20200727 16:14:47.539" level="INFO">Slept 3 seconds</msg>
<status status="PASS" starttime="20200727 16:14:44.538" endtime="20200727 16:14:47.539"></status>
</kw>
<kw name="Run Keyword And Expect Error" library="BuiltIn">
<doc>Runs the keyword and checks that the expected error occurred.</doc>
<arguments>
<arg>No application is open</arg>
<arg>get webelement</arg>
<arg>class=XCUIElementTypeApplication</arg>
</arguments>
<kw name="Get Webelement" library="AppiumLibrary">
<doc>Returns the first [http://selenium-python.readthedocs.io/api.html#module-selenium.webdriver.remote.webelement|WebElement] object matching ``locator``.</doc>
<arguments>
<arg>class=XCUIElementTypeApplication</arg>
</arguments>
<kw name="Capture Page Screenshot" library="AppiumLibrary">
<doc>Takes a screenshot of the current page and embeds it into the log.</doc>
<msg timestamp="20200727 16:14:47.541" level="FAIL">No application is open</msg>
<status status="FAIL" starttime="20200727 16:14:47.540" endtime="20200727 16:14:47.541"></status>
</kw>
<msg timestamp="20200727 16:14:47.543" level="WARN">Keyword 'Capture Page Screenshot' could not be run on failure: No application is open</msg>
<msg timestamp="20200727 16:14:47.544" level="FAIL">No application is open</msg>
<status status="FAIL" starttime="20200727 16:14:47.539" endtime="20200727 16:14:47.544"></status>
</kw>
<status status="PASS" starttime="20200727 16:14:47.539" endtime="20200727 16:14:47.545"></status>
</kw>
<status status="PASS" starttime="20200727 16:14:37.891" endtime="20200727 16:14:47.545" critical="yes"></status>
</test>
<status status="PASS" starttime="20200727 16:14:37.887" endtime="20200727 16:14:47.545"></status>
</suite>
<suite id="s1-s8" name="Ios Create Web Session.Test" source="/Users/serhatb/repos/robotframework-appium-sample/tests/ios_create_web_session.test.robot">
<test id="s1-s8-t1" name="Should send keys to inputs">
<kw name="Open Application" library="AppiumLibrary">
<doc>Opens a new application to given Appium server.
Capabilities of appium server, Android and iOS,
Please check https://github.com/appium/appium/blob/master/docs/en/writing-running-appium/server-args.md
| *Option*            | *Man.* | *Description*     |
| remote_url          | Yes    | Appium server url |
| alias               | no     | alias             |</doc>
<arguments>
<arg>http://127.0.0.1:4723/wd/hub</arg>
<arg>automationName=${IOS_AUTOMATION_NAME}</arg>
<arg>platformName=${IOS_PLATFORM_NAME}</arg>
<arg>platformVersion=${IOS_PLATFORM_VERSION}</arg>
<arg>deviceName=${IOS_DEVICE_NAME}</arg>
<arg>browserName=Safari</arg>
</arguments>
<status status="PASS" starttime="20200727 16:14:47.551" endtime="20200727 16:14:55.312"></status>
</kw>
<kw name="Go To Url" library="AppiumLibrary">
<doc>Opens URL in default web browser.</doc>
<arguments>
<arg>https://www.google.com</arg>
</arguments>
<status status="PASS" starttime="20200727 16:14:55.313" endtime="20200727 16:14:56.862"></status>
</kw>
<kw name="Execute Script" library="AppiumLibrary">
<doc>Inject a snippet of JavaScript into the page for execution in the
context of the currently selected frame (Web context only).</doc>
<arguments>
<arg>return document.title</arg>
</arguments>
<assign>
<var>${page_title}</var>
</assign>
<msg timestamp="20200727 16:14:56.871" level="INFO">${page_title} = Google</msg>
<status status="PASS" starttime="20200727 16:14:56.862" endtime="20200727 16:14:56.871"></status>
</kw>
<kw name="Should Be Equal" library="BuiltIn">
<doc>Fails if the given objects are unequal.</doc>
<arguments>
<arg>${page_title}</arg>
<arg>Google</arg>
</arguments>
<status status="PASS" starttime="20200727 16:14:56.872" endtime="20200727 16:14:56.872"></status>
</kw>
<kw name="Close Application" library="AppiumLibrary">
<doc>Closes the current application and also close webdriver session.</doc>
<status status="PASS" starttime="20200727 16:14:56.872" endtime="20200727 16:14:58.004"></status>
</kw>
<kw name="Sleep" library="BuiltIn">
<doc>Pauses the test executed for the given time.</doc>
<arguments>
<arg>3s</arg>
</arguments>
<msg timestamp="20200727 16:15:01.006" level="INFO">Slept 3 seconds</msg>
<status status="PASS" starttime="20200727 16:14:58.005" endtime="20200727 16:15:01.006"></status>
</kw>
<kw name="Run Keyword And Expect Error" library="BuiltIn">
<doc>Runs the keyword and checks that the expected error occurred.</doc>
<arguments>
<arg>No application is open</arg>
<arg>execute script</arg>
<arg>return document.title</arg>
</arguments>
<kw name="Execute Script" library="AppiumLibrary">
<doc>Inject a snippet of JavaScript into the page for execution in the
context of the currently selected frame (Web context only).</doc>
<arguments>
<arg>return document.title</arg>
</arguments>
<kw name="Capture Page Screenshot" library="AppiumLibrary">
<doc>Takes a screenshot of the current page and embeds it into the log.</doc>
<msg timestamp="20200727 16:15:01.008" level="FAIL">No application is open</msg>
<status status="FAIL" starttime="20200727 16:15:01.007" endtime="20200727 16:15:01.008"></status>
</kw>
<msg timestamp="20200727 16:15:01.009" level="WARN">Keyword 'Capture Page Screenshot' could not be run on failure: No application is open</msg>
<msg timestamp="20200727 16:15:01.009" level="FAIL">No application is open</msg>
<status status="FAIL" starttime="20200727 16:15:01.006" endtime="20200727 16:15:01.010"></status>
</kw>
<status status="PASS" starttime="20200727 16:15:01.006" endtime="20200727 16:15:01.010"></status>
</kw>
<status status="PASS" starttime="20200727 16:14:47.551" endtime="20200727 16:15:01.010" critical="yes"></status>
</test>
<status status="PASS" starttime="20200727 16:14:47.547" endtime="20200727 16:15:01.010"></status>
</suite>
<suite id="s1-s9" name="Ios Selectors.Test" source="/Users/serhatb/repos/robotframework-appium-sample/tests/ios_selectors.test.robot">
<test id="s1-s9-t1" name="Should find elements by ID">
<kw name="Open iOS Test App" library="resource" type="setup">
<kw name="Open Application" library="AppiumLibrary">
<doc>Opens a new application to given Appium server.
Capabilities of appium server, Android and iOS,
Please check https://github.com/appium/appium/blob/master/docs/en/writing-running-appium/server-args.md
| *Option*            | *Man.* | *Description*     |
| remote_url          | Yes    | Appium server url |
| alias               | no     | alias             |</doc>
<arguments>
<arg>http://127.0.0.1:4723/wd/hub</arg>
<arg>automationName=${IOS_AUTOMATION_NAME}</arg>
<arg>app=${IOS_APP}</arg>
<arg>platformName=${IOS_PLATFORM_NAME}</arg>
<arg>platformVersion=${IOS_PLATFORM_VERSION}</arg>
<arg>deviceName=${IOS_DEVICE_NAME}</arg>
</arguments>
<status status="PASS" starttime="20200727 16:15:01.016" endtime="20200727 16:15:06.305"></status>
</kw>
<status status="PASS" starttime="20200727 16:15:01.016" endtime="20200727 16:15:06.305"></status>
</kw>
<kw name="Get Webelement" library="AppiumLibrary">
<doc>Returns the first [http://selenium-python.readthedocs.io/api.html#module-selenium.webdriver.remote.webelement|WebElement] object matching ``locator``.</doc>
<arguments>
<arg>ComputeSumButton</arg>
</arguments>
<assign>
<var>${element}</var>
</assign>
<msg timestamp="20200727 16:15:06.374" level="INFO">${element} = &lt;appium.webdriver.webelement.WebElement (session="8c091f8c-1146-40ac-b164-785fa425da74", element="0C000000-0000-0000-CD83-000000000000")&gt;</msg>
<status status="PASS" starttime="20200727 16:15:06.305" endtime="20200727 16:15:06.374"></status>
</kw>
<kw name="Element Should Be Visible" library="AppiumLibrary">
<doc>Verifies that element identified with locator is visible.</doc>
<arguments>
<arg>${element}</arg>
</arguments>
<status status="PASS" starttime="20200727 16:15:06.374" endtime="20200727 16:15:06.475"></status>
</kw>
<kw name="Close Application" library="AppiumLibrary" type="teardown">
<doc>Closes the current application and also close webdriver session.</doc>
<status status="PASS" starttime="20200727 16:15:06.475" endtime="20200727 16:15:07.535"></status>
</kw>
<status status="PASS" starttime="20200727 16:15:01.015" endtime="20200727 16:15:07.535" critical="yes"></status>
</test>
<test id="s1-s9-t2" name="Should find elements by class name">
<kw name="Open iOS Test App" library="resource" type="setup">
<kw name="Open Application" library="AppiumLibrary">
<doc>Opens a new application to given Appium server.
Capabilities of appium server, Android and iOS,
Please check https://github.com/appium/appium/blob/master/docs/en/writing-running-appium/server-args.md
| *Option*            | *Man.* | *Description*     |
| remote_url          | Yes    | Appium server url |
| alias               | no     | alias             |</doc>
<arguments>
<arg>http://127.0.0.1:4723/wd/hub</arg>
<arg>automationName=${IOS_AUTOMATION_NAME}</arg>
<arg>app=${IOS_APP}</arg>
<arg>platformName=${IOS_PLATFORM_NAME}</arg>
<arg>platformVersion=${IOS_PLATFORM_VERSION}</arg>
<arg>deviceName=${IOS_DEVICE_NAME}</arg>
</arguments>
<status status="PASS" starttime="20200727 16:15:07.536" endtime="20200727 16:15:12.557"></status>
</kw>
<status status="PASS" starttime="20200727 16:15:07.536" endtime="20200727 16:15:12.557"></status>
</kw>
<kw name="Get Webelements" library="AppiumLibrary">
<doc>Returns list of [http://selenium-python.readthedocs.io/api.html#module-selenium.webdriver.remote.webelement|WebElement] objects matching ``locator``.</doc>
<arguments>
<arg>class=XCUIElementTypeWindow</arg>
</arguments>
<assign>
<var>@{elements}</var>
</assign>
<msg timestamp="20200727 16:15:12.622" level="INFO">@{elements} = [ &lt;appium.webdriver.webelement.WebElement (session="1f833e09-a9c3-4e33-9262-c5224c8e1949", element="07000000-0000-0000-0484-000000000000")&gt; | &lt;appium.webdriver.webelement.WebElement (session="1f833e09...</msg>
<status status="PASS" starttime="20200727 16:15:12.557" endtime="20200727 16:15:12.622"></status>
</kw>
<kw name="Length Should Be" library="BuiltIn">
<doc>Verifies that the length of the given item is correct.</doc>
<arguments>
<arg>${elements}</arg>
<arg>2</arg>
</arguments>
<msg timestamp="20200727 16:15:12.623" level="INFO">Length is 2</msg>
<status status="PASS" starttime="20200727 16:15:12.623" endtime="20200727 16:15:12.623"></status>
</kw>
<kw name="Close Application" library="AppiumLibrary" type="teardown">
<doc>Closes the current application and also close webdriver session.</doc>
<status status="PASS" starttime="20200727 16:15:12.623" endtime="20200727 16:15:13.725"></status>
</kw>
<status status="PASS" starttime="20200727 16:15:07.535" endtime="20200727 16:15:13.725" critical="yes"></status>
</test>
<test id="s1-s9-t3" name="Should find elements by nspredicate">
<kw name="Open iOS Test App" library="resource" type="setup">
<kw name="Open Application" library="AppiumLibrary">
<doc>Opens a new application to given Appium server.
Capabilities of appium server, Android and iOS,
Please check https://github.com/appium/appium/blob/master/docs/en/writing-running-appium/server-args.md
| *Option*            | *Man.* | *Description*     |
| remote_url          | Yes    | Appium server url |
| alias               | no     | alias             |</doc>
<arguments>
<arg>http://127.0.0.1:4723/wd/hub</arg>
<arg>automationName=${IOS_AUTOMATION_NAME}</arg>
<arg>app=${IOS_APP}</arg>
<arg>platformName=${IOS_PLATFORM_NAME}</arg>
<arg>platformVersion=${IOS_PLATFORM_VERSION}</arg>
<arg>deviceName=${IOS_DEVICE_NAME}</arg>
</arguments>
<status status="PASS" starttime="20200727 16:15:13.726" endtime="20200727 16:15:18.857"></status>
</kw>
<status status="PASS" starttime="20200727 16:15:13.726" endtime="20200727 16:15:18.857"></status>
</kw>
<kw name="Get Webelements" library="AppiumLibrary">
<doc>Returns list of [http://selenium-python.readthedocs.io/api.html#module-selenium.webdriver.remote.webelement|WebElement] objects matching ``locator``.</doc>
<arguments>
<arg>nsp=visible = 1</arg>
</arguments>
<assign>
<var>@{elements}</var>
</assign>
<msg timestamp="20200727 16:15:19.718" level="INFO">@{elements} = [ &lt;appium.webdriver.webelement.WebElement (session="d54d80d8-b4e5-4fed-b7b1-f5dad01112d5", element="01000000-0000-0000-3A84-000000000000")&gt; | &lt;appium.webdriver.webelement.WebElement (session="d54d80d8...</msg>
<status status="PASS" starttime="20200727 16:15:18.857" endtime="20200727 16:15:19.718"></status>
</kw>
<kw name="Should Be True" library="BuiltIn">
<doc>Fails if the given condition is not true.</doc>
<arguments>
<arg>len('${elements}') &gt;= 24</arg>
</arguments>
<status status="PASS" starttime="20200727 16:15:19.719" endtime="20200727 16:15:19.719"></status>
</kw>
<kw name="Close Application" library="AppiumLibrary" type="teardown">
<doc>Closes the current application and also close webdriver session.</doc>
<status status="PASS" starttime="20200727 16:15:19.719" endtime="20200727 16:15:20.751"></status>
</kw>
<status status="PASS" starttime="20200727 16:15:13.726" endtime="20200727 16:15:20.751" critical="yes"></status>
</test>
<test id="s1-s9-t4" name="Should find elements by class chain">
<kw name="Open iOS Test App" library="resource" type="setup">
<kw name="Open Application" library="AppiumLibrary">
<doc>Opens a new application to given Appium server.
Capabilities of appium server, Android and iOS,
Please check https://github.com/appium/appium/blob/master/docs/en/writing-running-appium/server-args.md
| *Option*            | *Man.* | *Description*     |
| remote_url          | Yes    | Appium server url |
| alias               | no     | alias             |</doc>
<arguments>
<arg>http://127.0.0.1:4723/wd/hub</arg>
<arg>automationName=${IOS_AUTOMATION_NAME}</arg>
<arg>app=${IOS_APP}</arg>
<arg>platformName=${IOS_PLATFORM_NAME}</arg>
<arg>platformVersion=${IOS_PLATFORM_VERSION}</arg>
<arg>deviceName=${IOS_DEVICE_NAME}</arg>
</arguments>
<status status="PASS" starttime="20200727 16:15:20.753" endtime="20200727 16:15:25.855"></status>
</kw>
<status status="PASS" starttime="20200727 16:15:20.753" endtime="20200727 16:15:25.855"></status>
</kw>
<kw name="Get Webelements" library="AppiumLibrary">
<doc>Returns list of [http://selenium-python.readthedocs.io/api.html#module-selenium.webdriver.remote.webelement|WebElement] objects matching ``locator``.</doc>
<arguments>
<arg>chain=XCUIElementTypeWindow[1]/*</arg>
</arguments>
<assign>
<var>@{elements}</var>
</assign>
<msg timestamp="20200727 16:15:25.953" level="INFO">@{elements} = [ &lt;appium.webdriver.webelement.WebElement (session="daefec00-b335-4524-ba55-1764c25e8049", element="06000000-0000-0000-7384-000000000000")&gt; ]</msg>
<status status="PASS" starttime="20200727 16:15:25.855" endtime="20200727 16:15:25.953"></status>
</kw>
<kw name="Length Should Be" library="BuiltIn">
<doc>Verifies that the length of the given item is correct.</doc>
<arguments>
<arg>${elements}</arg>
<arg>1</arg>
</arguments>
<msg timestamp="20200727 16:15:25.953" level="INFO">Length is 1</msg>
<status status="PASS" starttime="20200727 16:15:25.953" endtime="20200727 16:15:25.953"></status>
</kw>
<kw name="Close Application" library="AppiumLibrary" type="teardown">
<doc>Closes the current application and also close webdriver session.</doc>
<status status="PASS" starttime="20200727 16:15:25.954" endtime="20200727 16:15:26.979"></status>
</kw>
<status status="PASS" starttime="20200727 16:15:20.752" endtime="20200727 16:15:26.979" critical="yes"></status>
</test>
<test id="s1-s9-t5" name="Should find elements by XPath">
<kw name="Open iOS Test App" library="resource" type="setup">
<kw name="Open Application" library="AppiumLibrary">
<doc>Opens a new application to given Appium server.
Capabilities of appium server, Android and iOS,
Please check https://github.com/appium/appium/blob/master/docs/en/writing-running-appium/server-args.md
| *Option*            | *Man.* | *Description*     |
| remote_url          | Yes    | Appium server url |
| alias               | no     | alias             |</doc>
<arguments>
<arg>http://127.0.0.1:4723/wd/hub</arg>
<arg>automationName=${IOS_AUTOMATION_NAME}</arg>
<arg>app=${IOS_APP}</arg>
<arg>platformName=${IOS_PLATFORM_NAME}</arg>
<arg>platformVersion=${IOS_PLATFORM_VERSION}</arg>
<arg>deviceName=${IOS_DEVICE_NAME}</arg>
</arguments>
<status status="PASS" starttime="20200727 16:15:26.980" endtime="20200727 16:15:31.955"></status>
</kw>
<status status="PASS" starttime="20200727 16:15:26.980" endtime="20200727 16:15:31.955"></status>
</kw>
<kw name="Get Webelements" library="AppiumLibrary">
<doc>Returns list of [http://selenium-python.readthedocs.io/api.html#module-selenium.webdriver.remote.webelement|WebElement] objects matching ``locator``.</doc>
<arguments>
<arg>//XCUIElementTypeWindow//XCUIElementTypeButton</arg>
</arguments>
<assign>
<var>@{elements}</var>
</assign>
<msg timestamp="20200727 16:15:32.204" level="INFO">@{elements} = [ &lt;appium.webdriver.webelement.WebElement (session="819e8e22-542a-4be4-98b5-45222bf212f2", element="0C000000-0000-0000-A884-000000000000")&gt; | &lt;appium.webdriver.webelement.WebElement (session="819e8e22...</msg>
<status status="PASS" starttime="20200727 16:15:31.955" endtime="20200727 16:15:32.204"></status>
</kw>
<kw name="Log" library="BuiltIn">
<doc>Logs the given message with the given level.</doc>
<arguments>
<arg>len('${elements}')</arg>
</arguments>
<msg timestamp="20200727 16:15:32.204" level="INFO">len('[&lt;appium.webdriver.webelement.WebElement (session="819e8e22-542a-4be4-98b5-45222bf212f2", element="0C000000-0000-0000-A884-000000000000")&gt;, &lt;appium.webdriver.webelement.WebElement (session="819e8e22-542a-4be4-98b5-45222bf212f2", element="0E000000-0000-0000-A884-000000000000")&gt;, &lt;appium.webdriver.webelement.WebElement (session="819e8e22-542a-4be4-98b5-45222bf212f2", element="0F000000-0000-0000-A884-000000000000")&gt;, &lt;appium.webdriver.webelement.WebElement (session="819e8e22-542a-4be4-98b5-45222bf212f2", element="10000000-0000-0000-A884-000000000000")&gt;, &lt;appium.webdriver.webelement.WebElement (session="819e8e22-542a-4be4-98b5-45222bf212f2", element="14000000-0000-0000-A884-000000000000")&gt;, &lt;appium.webdriver.webelement.WebElement (session="819e8e22-542a-4be4-98b5-45222bf212f2", element="17000000-0000-0000-A884-000000000000")&gt;, &lt;appium.webdriver.webelement.WebElement (session="819e8e22-542a-4be4-98b5-45222bf212f2", element="18000000-0000-0000-A884-000000000000")&gt;, &lt;appium.webdriver.webelement.WebElement (session="819e8e22-542a-4be4-98b5-45222bf212f2", element="1A000000-0000-0000-A884-000000000000")&gt;]')</msg>
<status status="PASS" starttime="20200727 16:15:32.204" endtime="20200727 16:15:32.204"></status>
</kw>
<kw name="Should Be True" library="BuiltIn">
<doc>Fails if the given condition is not true.</doc>
<arguments>
<arg>7 &lt;= len('${elements}')</arg>
<arg>and len('${elements}') &lt;= 8</arg>
</arguments>
<status status="PASS" starttime="20200727 16:15:32.204" endtime="20200727 16:15:32.206"></status>
</kw>
<kw name="Close Application" library="AppiumLibrary" type="teardown">
<doc>Closes the current application and also close webdriver session.</doc>
<status status="PASS" starttime="20200727 16:15:32.206" endtime="20200727 16:15:33.223"></status>
</kw>
<status status="PASS" starttime="20200727 16:15:26.979" endtime="20200727 16:15:33.223" critical="yes"></status>
</test>
<status status="PASS" starttime="20200727 16:15:01.011" endtime="20200727 16:15:33.224"></status>
</suite>
<status status="PASS" starttime="20200727 16:13:14.612" endtime="20200727 16:15:33.228"></status>
</suite>
<statistics>
<total>
<stat pass="18" fail="0">Critical Tests</stat>
<stat pass="18" fail="0">All Tests</stat>
</total>
<tag>
</tag>
<suite>
<stat pass="18" fail="0" id="s1" name="Tests">Tests</stat>
<stat pass="2" fail="0" id="s1-s1" name="Android Basic Interactions.Test">Tests.Android Basic Interactions.Test</stat>
<stat pass="1" fail="0" id="s1-s2" name="Android Create Session.Test">Tests.Android Create Session.Test</stat>
<stat pass="1" fail="0" id="s1-s3" name="Android Create Web Session.Test">Tests.Android Create Web Session.Test</stat>
<stat pass="4" fail="0" id="s1-s4" name="Android Selectors.Test">Tests.Android Selectors.Test</stat>
<stat pass="1" fail="0" id="s1-s5" name="Android Simple Example.Test">Tests.Android Simple Example.Test</stat>
<stat pass="2" fail="0" id="s1-s6" name="Ios Basic Interactions.Test">Tests.Ios Basic Interactions.Test</stat>
<stat pass="1" fail="0" id="s1-s7" name="Ios Create Session.Test">Tests.Ios Create Session.Test</stat>
<stat pass="1" fail="0" id="s1-s8" name="Ios Create Web Session.Test">Tests.Ios Create Web Session.Test</stat>
<stat pass="5" fail="0" id="s1-s9" name="Ios Selectors.Test">Tests.Ios Selectors.Test</stat>
</suite>
</statistics>
<errors>
<msg timestamp="20200727 16:13:39.462" level="WARN">Keyword 'Capture Page Screenshot' could not be run on failure: No application is open</msg>
<msg timestamp="20200727 16:13:50.796" level="WARN">Keyword 'Capture Page Screenshot' could not be run on failure: No application is open</msg>
<msg timestamp="20200727 16:14:47.543" level="WARN">Keyword 'Capture Page Screenshot' could not be run on failure: No application is open</msg>
<msg timestamp="20200727 16:15:01.009" level="WARN">Keyword 'Capture Page Screenshot' could not be run on failure: No application is open</msg>
</errors>
</robot>
